[debug] [2022-01-03T03:26:53.161Z] ----------------------------------------------------------------------
[debug] [2022-01-03T03:26:53.163Z] Command:       C:\Program Files\nodejs\node.exe C:\Users\samhe\AppData\Roaming\npm\node_modules\firebase-tools\lib\bin\firebase.js init
[debug] [2022-01-03T03:26:53.163Z] CLI Version:   10.0.1
[debug] [2022-01-03T03:26:53.163Z] Platform:      win32
[debug] [2022-01-03T03:26:53.163Z] Node Version:  v14.16.1
[debug] [2022-01-03T03:26:53.164Z] Time:          Sun Jan 02 2022 21:26:53 GMT-0600 (Central Standard Time)
[debug] [2022-01-03T03:26:53.164Z] ----------------------------------------------------------------------
[debug] 
[debug] [2022-01-03T03:26:53.165Z] >>> [apiv2][query] GET https://firebase-public.firebaseio.com/cli.json [none]
[debug] [2022-01-03T03:26:53.179Z] > command requires scopes: ["email","openid","https://www.googleapis.com/auth/cloudplatformprojects.readonly","https://www.googleapis.com/auth/firebase","https://www.googleapis.com/auth/cloud-platform"]
[debug] [2022-01-03T03:26:53.180Z] > authorizing via signed-in user (samhebert1@gmail.com)
[info] 
     ######## #### ########  ######## ########     ###     ######  ########
     ##        ##  ##     ## ##       ##     ##  ##   ##  ##       ##
     ######    ##  ########  ######   ########  #########  ######  ######
     ##        ##  ##    ##  ##       ##     ## ##     ##       ## ##
     ##       #### ##     ## ######## ########  ##     ##  ######  ########

You're about to initialize a Firebase project in this directory:

  C:\Users\samhe\Projects\planets

[debug] [2022-01-03T03:26:53.458Z] <<< [apiv2][status] GET https://firebase-public.firebaseio.com/cli.json 200
[debug] [2022-01-03T03:26:53.458Z] <<< [apiv2][body] GET https://firebase-public.firebaseio.com/cli.json {"cloudBuildErrorAfter":1594252800000,"cloudBuildWarnAfter":1590019200000,"defaultNode10After":1594252800000,"minVersion":"3.0.5","node8DeploysDisabledAfter":1613390400000,"node8RuntimeDisabledAfter":1615809600000,"node8WarnAfter":1600128000000}
[info] 
=== Project Setup
[info] 
[info] First, let's associate this project directory with a Firebase project.
[info] You can create multiple project aliases by running firebase use --add, 
[info] but for now we'll just set up a default project.
[info] 
[debug] [2022-01-03T03:27:22.561Z] > refreshing access token with scopes: []
[debug] [2022-01-03T03:27:22.562Z] >>> HTTP REQUEST POST https://www.googleapis.com/oauth2/v3/token  
 <request body omitted>
[debug] [2022-01-03T03:27:23.069Z] <<< HTTP RESPONSE 200 {"date":"Mon, 03 Jan 2022 03:27:22 GMT","expires":"Mon, 01 Jan 1990 00:00:00 GMT","cache-control":"no-cache, no-store, max-age=0, must-revalidate","pragma":"no-cache","content-type":"application/json; charset=utf-8","vary":"X-Origin, Referer, Origin,Accept-Encoding","server":"scaffolding on HTTPServer2","x-xss-protection":"0","x-frame-options":"SAMEORIGIN","x-content-type-options":"nosniff","alt-svc":"h3=\":443\"; ma=2592000,h3-29=\":443\"; ma=2592000,h3-Q050=\":443\"; ma=2592000,h3-Q046=\":443\"; ma=2592000,h3-Q043=\":443\"; ma=2592000,quic=\":443\"; ma=2592000; v=\"46,43\"","accept-ranges":"none","transfer-encoding":"chunked"}
[debug] [2022-01-03T03:27:23.081Z] >>> [apiv2][query] GET https://firebase.googleapis.com/v1beta1/projects pageSize=100
[debug] [2022-01-03T03:27:25.890Z] <<< [apiv2][status] GET https://firebase.googleapis.com/v1beta1/projects 200
[debug] [2022-01-03T03:27:25.890Z] <<< [apiv2][body] GET https://firebase.googleapis.com/v1beta1/projects [omitted]
[info] i  Using project planets-9819d (Planets) 
[info] 
=== Hosting Setup
[info] 
[info] Your public directory is the folder (relative to your project directory) that
[info] will contain Hosting assets to be uploaded with firebase deploy. If you
[info] have a build process for your assets, use your build's output directory.
[info] 
[debug] [2022-01-03T03:27:55.381Z] >>> [apiv2][query] GET https://www.gstatic.com/firebasejs/releases.json [none]
[debug] [2022-01-03T03:28:04.693Z] <<< [apiv2][status] GET https://www.gstatic.com/firebasejs/releases.json 200
[debug] [2022-01-03T03:28:04.693Z] <<< [apiv2][body] GET https://www.gstatic.com/firebasejs/releases.json {"current":{"version":"9.6.1","browserURL":"https://www.gstatic.com/firebasejs/9.6.1/firebase.js","packageURL":"https://www.gstatic.com/firebasejs/9.6.1/firebase.tgz"},"live":{"version":"9.6","browserURL":"https://www.gstatic.com/firebasejs/live/9.6/firebase.js","packageURL":"https://www.gstatic.com/firebasejs/live/9.6/firebase.tgz"},"components":{"analytics":"https://www.gstatic.com/firebasejs/9.6.1/firebase-analytics.js","app":"https://www.gstatic.com/firebasejs/9.6.1/firebase-app.js","app-check":"https://www.gstatic.com/firebasejs/9.6.1/firebase-app-check.js","auth":"https://www.gstatic.com/firebasejs/9.6.1/firebase-auth.js","auth/cordova":"https://www.gstatic.com/firebasejs/9.6.1/firebase-auth/cordova.js","auth/react-native":"https://www.gstatic.com/firebasejs/9.6.1/firebase-auth/react-native.js","functions":"https://www.gstatic.com/firebasejs/9.6.1/firebase-functions.js","firestore":"https://www.gstatic.com/firebasejs/9.6.1/firebase-firestore.js","firestore/lite":"https://www.gstatic.com/firebasejs/9.6.1/firebase-firestore/lite.js","storage":"https://www.gstatic.com/firebasejs/9.6.1/firebase-storage.js","performance":"https://www.gstatic.com/firebasejs/9.6.1/firebase-performance.js","remote-config":"https://www.gstatic.com/firebasejs/9.6.1/firebase-remote-config.js","messaging":"https://www.gstatic.com/firebasejs/9.6.1/firebase-messaging.js","messaging/sw":"https://www.gstatic.com/firebasejs/9.6.1/firebase-messaging/sw.js","database":"https://www.gstatic.com/firebasejs/9.6.1/firebase-database.js","firestore.memory":"https://www.gstatic.com/firebasejs/9.6.1/firebase-firestore.memory.js"}}
[info] +  Wrote public/index.html 
[info] 
[info] i  Detected a .git folder at C:\Users\samhe\Projects\planets 
[info] i  Authorizing with GitHub to upload your service account to a GitHub repository's secrets store. 
[info] 
[info] Visit this URL on this device to log in:
[info] https://github.com/login/oauth/authorize?client_id=89cf50f02ac6aaed3484&state=352079210&redirect_uri=http%3A%2F%2Flocalhost%3A9005&scope=read%3Auser%20repo%20public_repo
[info] 
[info] Waiting for authentication...
[debug] [2022-01-03T03:28:12.842Z] >>> HTTP REQUEST POST https://github.com/login/oauth/access_token  
 {"client_id":"89cf50f02ac6aaed3484","client_secret":"3330d14abc895d9a74d5f17cd7a00711fa2c5bf0","code":"690775b76d40807281ac","redirect_uri":"http://localhost:9005","state":"352079210"}
[debug] [2022-01-03T03:28:13.220Z] <<< HTTP RESPONSE 200 {"server":"GitHub.com","date":"Mon, 03 Jan 2022 03:28:12 GMT","content-type":"application/json; charset=utf-8","transfer-encoding":"chunked","vary":"X-PJAX, X-PJAX-Container, Accept-Encoding, Accept, X-Requested-With","permissions-policy":"interest-cohort=()","etag":"W/\"06cca98699006f174e13a142497fc095\"","cache-control":"max-age=0, private, must-revalidate","strict-transport-security":"max-age=31536000; includeSubdomains; preload","x-frame-options":"deny","x-content-type-options":"nosniff","x-xss-protection":"0","referrer-policy":"origin-when-cross-origin, strict-origin-when-cross-origin","expect-ct":"max-age=2592000, report-uri=\"https://api.github.com/_private/browser/errors\"","content-security-policy":"default-src 'none'; base-uri 'self'; block-all-mixed-content; child-src github.com/assets-cdn/worker/ gist.github.com/assets-cdn/worker/; connect-src 'self' uploads.github.com objects-origin.githubusercontent.com www.githubstatus.com collector.githubapp.com api.github.com github-cloud.s3.amazonaws.com github-production-repository-file-5c1aeb.s3.amazonaws.com github-production-upload-manifest-file-7fdce7.s3.amazonaws.com github-production-user-asset-6210df.s3.amazonaws.com cdn.optimizely.com logx.optimizely.com/v1/events translator.github.com wss://alive.github.com; font-src github.githubassets.com; form-action 'self' github.com gist.github.com objects-origin.githubusercontent.com; frame-ancestors 'none'; frame-src render.githubusercontent.com viewscreen.githubusercontent.com notebooks.githubusercontent.com; img-src 'self' data: github.githubassets.com identicons.github.com collector.githubapp.com github-cloud.s3.amazonaws.com secured-user-images.githubusercontent.com/ *.githubusercontent.com; manifest-src 'self'; media-src github.com user-images.githubusercontent.com/; script-src github.githubassets.com; style-src 'unsafe-inline' github.githubassets.com; worker-src github.com/assets-cdn/worker/ gist.github.com/assets-cdn/worker/","x-github-request-id":"D13A:1BB8:16A03F:11E49A5:61D26D4C"}
[debug] [2022-01-03T03:28:13.225Z] >>> [apiv2][query] GET https://api.github.com/user [none]
[debug] [2022-01-03T03:28:13.632Z] <<< [apiv2][status] GET https://api.github.com/user 200
[debug] [2022-01-03T03:28:13.632Z] <<< [apiv2][body] GET https://api.github.com/user {"login":"samhebert1","id":7019676,"node_id":"MDQ6VXNlcjcwMTk2NzY=","avatar_url":"https://avatars.githubusercontent.com/u/7019676?v=4","gravatar_id":"","url":"https://api.github.com/users/samhebert1","html_url":"https://github.com/samhebert1","followers_url":"https://api.github.com/users/samhebert1/followers","following_url":"https://api.github.com/users/samhebert1/following{/other_user}","gists_url":"https://api.github.com/users/samhebert1/gists{/gist_id}","starred_url":"https://api.github.com/users/samhebert1/starred{/owner}{/repo}","subscriptions_url":"https://api.github.com/users/samhebert1/subscriptions","organizations_url":"https://api.github.com/users/samhebert1/orgs","repos_url":"https://api.github.com/users/samhebert1/repos","events_url":"https://api.github.com/users/samhebert1/events{/privacy}","received_events_url":"https://api.github.com/users/samhebert1/received_events","type":"User","site_admin":false,"name":"Sam","company":"CGI","blog":"","location":"Lafayette, Louisiana","email":"samhebert1@gmail.com","hireable":null,"bio":"Love: Jesus, JavaScript, TypeScript, Angular\r\n\r\nLike: React, HTML, CSS, SQL, NO-SQL\r\n\r\nTolerate : Java, JSP, XML\r\n\r\nHate: Eclipse, Oracle","twitter_username":null,"public_repos":9,"public_gists":0,"followers":1,"following":2,"created_at":"2014-03-21T07:17:38Z","updated_at":"2021-06-29T18:24:00Z","private_gists":0,"total_private_repos":0,"owned_private_repos":0,"disk_usage":76065,"collaborators":0,"two_factor_authentication":false,"plan":{"name":"free","space":976562499,"collaborators":0,"private_repos":10000}}
[info] 
[info] +  Success! Logged into GitHub as samhebert1 
[info] 
